<?xml version="1.0" encoding="UTF-8"?>
<testng-results ignored="0" total="1" passed="1" failed="0" skipped="0">
  <reporter-output>
  </reporter-output>
  <suite started-at="2026-02-14T11:08:58 IST" name="Default suite" finished-at="2026-02-14T11:09:32 IST" duration-ms="34242">
    <groups>
      <group name="cucumber">
        <method signature="AbstractTestNGCucumberTests.runScenario(io.cucumber.testng.PickleWrapper,io.cucumber.testng.FeatureWrapper)[pri:0, instance:cucumberoptions.TestRunner@1bc715b8]" name="runScenario" class="io.cucumber.testng.AbstractTestNGCucumberTests"/>
      </group> <!-- cucumber -->
    </groups>
    <test started-at="2026-02-14T11:08:58 IST" name="Default test" finished-at="2026-02-14T11:09:32 IST" duration-ms="34242">
      <class name="cucumberoptions.TestRunner">
        <test-method is-config="true" signature="setUpClass(org.testng.ITestContext)[pri:0, instance:cucumberoptions.TestRunner@1bc715b8]" started-at="2026-02-14T11:08:58 IST" name="setUpClass" finished-at="2026-02-14T11:08:58 IST" duration-ms="255" status="PASS">
          <params>
            <param index="0">
              <value>
                <![CDATA[org.testng.TestRunner@2d64160c]]>
              </value>
            </param>
          </params>
          <reporter-output>
          </reporter-output>
        </test-method> <!-- setUpClass -->
        <test-method signature="runScenario(io.cucumber.testng.PickleWrapper,io.cucumber.testng.FeatureWrapper)[pri:0, instance:cucumberoptions.TestRunner@1bc715b8]" started-at="2026-02-14T11:08:58 IST" name="runScenario" description="Runs Cucumber Scenarios" data-provider="scenarios" finished-at="2026-02-14T11:09:32 IST" duration-ms="33932" status="PASS">
          <params>
            <param index="0">
              <value>
                <![CDATA["User searches for a location"]]>
              </value>
            </param>
            <param index="1">
              <value>
                <![CDATA["Airbnb Search Feature"]]>
              </value>
            </param>
          </params>
          <reporter-output>
          </reporter-output>
        </test-method> <!-- runScenario -->
        <test-method is-config="true" signature="tearDownClass()[pri:0, instance:cucumberoptions.TestRunner@1bc715b8]" started-at="2026-02-14T11:09:32 IST" name="tearDownClass" finished-at="2026-02-14T11:09:32 IST" duration-ms="3" status="PASS">
          <reporter-output>
          </reporter-output>
        </test-method> <!-- tearDownClass -->
      </class> <!-- cucumberoptions.TestRunner -->
    </test> <!-- Default test -->
  </suite> <!-- Default suite -->
</testng-results>
